aboutList/build/intermediates/manifest_merge_blame_file/debug/manifest-merger-blame-debug-report.txt
1<?xml version="1.0" encoding="utf-8"?>
2<manifest xmlns:android="http://schemas.android.com/apk/res/android"
3    package="com.android"
4    android:versionCode="1"
5    android:versionName="1.0" >
6
7    <uses-sdk
7-->src\main\AndroidManifest.xml:7:5-43
8        android:minSdkVersion="7"
8-->src\main\AndroidManifest.xml:7:15-40
9        android:targetSdkVersion="7" />
9-->src\main\AndroidManifest.xml:7:5-43
10
11    <application
11-->src\main\AndroidManifest.xml:9:5-21:19
12        android:debuggable="true"
13        android:icon="@drawable/ic_launcher"
13-->src\main\AndroidManifest.xml:10:9-45
14        android:label="@string/app_name"
14-->src\main\AndroidManifest.xml:11:9-41
15        android:testOnly="true" >
16        <activity
16-->src\main\AndroidManifest.xml:12:9-20:20
17            android:name="com.android.Notepadv"
17-->src\main\AndroidManifest.xml:14:13-37
18            android:label="@string/app_name" >
18-->src\main\AndroidManifest.xml:13:13-45
19            <intent-filter>
19-->src\main\AndroidManifest.xml:15:13-19:29
20                <action android:name="android.intent.action.MAIN" />
20-->src\main\AndroidManifest.xml:16:17-69
20-->src\main\AndroidManifest.xml:16:25-66
21
22                <category android:name="android.intent.category.LAUNCHER" />
22-->src\main\AndroidManifest.xml:18:17-77
22-->src\main\AndroidManifest.xml:18:27-74
23            </intent-filter>
24        </activity>
25    </application>
26
27</manifest>